failed to create symbolic link '/home/ras4/nuc_ws/src/build/astra_camera_msgs/ament_cmake_python/astra_camera_msgs/astra_camera_msgs' because existing path cannot be removed: Is a directory
gmake[2]: *** [CMakeFiles/ament_cmake_python_symlink_astra_camera_msgs.dir/build.make:70: CMakeFiles/ament_cmake_python_symlink_astra_camera_msgs] Error 1
gmake[1]: *** [CMakeFiles/Makefile2:421: CMakeFiles/ament_cmake_python_symlink_astra_camera_msgs.dir/all] Error 2
gmake[1]: *** Waiting for unfinished jobs....
gmake: *** [Makefile:146: all] Error 2
